✅ Connected to MongoDB
🔍 Found 99 GoGlobal hotels
➡ Importing offers for hotel: NORAGYUGH GUESTHOUSE
⚠ No offers found for NORAGYUGH GUESTHOUSE
➡ Importing offers for hotel: WOOLWAY STUDIOS
⚠ No offers found for WOOLWAY STUDIOS
➡ Importing offers for hotel: IT HOTEL IN CENTER
⚠ No offers found for IT HOTEL IN CENTER
➡ Importing offers for hotel: YOUR HOSTEL
⚠ No offers found for YOUR HOSTEL
➡ Importing offers for hotel: ART GUESTE HOUSE IN KASKAD
⚠ No offers found for ART GUESTE HOUSE IN KASKAD
➡ Importing offers for hotel: MERIEN
⚠ No offers found for MERIEN
➡ Importing offers for hotel: VALENSIA HOTEL &amp; RESORT
⚠ No offers found for VALENSIA HOTEL &amp; RESORT
➡ Importing offers for hotel: TATEV APARTMENTS
⚠ No offers found for TATEV APARTMENTS
➡ Importing offers for hotel: ECONOMY TYPE ROOMS
⚠ No offers found for ECONOMY TYPE ROOMS
➡ Importing offers for hotel: HOTEL ELION
⚠ No offers found for HOTEL ELION
➡ Importing offers for hotel: RED YEREVAN
⚠ No offers found for RED YEREVAN
➡ Importing offers for hotel: THE HILL GUEST HOUSE
⚠ No offers found for THE HILL GUEST HOUSE
➡ Importing offers for hotel: PARK AVENUE
⚠ No offers found for PARK AVENUE
➡ Importing offers for hotel: KESABELLA TOURISTIC HOTEL
⚠ No offers found for KESABELLA TOURISTIC HOTEL
➡ Importing offers for hotel: PRIMER
⚠ No offers found for PRIMER
➡ Importing offers for hotel: GRAND FORTUNE
⚠ No offers found for GRAND FORTUNE
➡ Importing offers for hotel: ALEX HOTEL
⚠ No offers found for ALEX HOTEL
➡ Importing offers for hotel: BELLA
⚠ No offers found for BELLA
➡ Importing offers for hotel: NAR-AR
⚠ No offers found for NAR-AR
➡ Importing offers for hotel: CAUCASUS
⚠ No offers found for CAUCASUS
➡ Importing offers for hotel: AVAN PLAZA
⚠ No offers found for AVAN PLAZA
➡ Importing offers for hotel: CAPITAL
⚠ No offers found for CAPITAL
➡ Importing offers for hotel: ALBA
⚠ No offers found for ALBA
➡ Importing offers for hotel: ARTSAKH
⚠ No offers found for ARTSAKH
➡ Importing offers for hotel: COMFORT
⚠ No offers found for COMFORT
➡ Importing offers for hotel: REGINEH
⚠ No offers found for REGINEH
➡ Importing offers for hotel: AGHABABYAN'S HOTEL
⚠ No offers found for AGHABABYAN'S HOTEL
➡ Importing offers for hotel: VIAGGIO
⚠ No offers found for VIAGGIO
➡ Importing offers for hotel: NAIRI
⚠ No offers found for NAIRI
➡ Importing offers for hotel: ANGA YEREVAN HOTEL
⚠ No offers found for ANGA YEREVAN HOTEL
➡ Importing offers for hotel: MIA CASA HOTEL
⚠ No offers found for MIA CASA HOTEL
➡ Importing offers for hotel: BASS BOUTIQUE
⚠ No offers found for BASS BOUTIQUE
➡ Importing offers for hotel: RIS CENTRAL APARTMENTS YEREVAN
⚠ No offers found for RIS CENTRAL APARTMENTS YEREVAN
➡ Importing offers for hotel: EUROPE
⚠ No offers found for EUROPE
➡ Importing offers for hotel: NACHO YEREVAN
⚠ No offers found for NACHO YEREVAN
➡ Importing offers for hotel: HOBBY HOTEL
⚠ No offers found for HOBBY HOTEL
➡ Importing offers for hotel: ARCH APART HOTEL
⚠ No offers found for ARCH APART HOTEL
➡ Importing offers for hotel: R AND R INN
⚠ No offers found for R AND R INN
➡ Importing offers for hotel: AQUATEK
⚠ No offers found for AQUATEK
➡ Importing offers for hotel: MY HOTEL YEREVAN
⚠ No offers found for MY HOTEL YEREVAN
➡ Importing offers for hotel: CASCADE HOTEL
⚠ No offers found for CASCADE HOTEL
➡ Importing offers for hotel: GREEN PALACE
⚠ No offers found for GREEN PALACE
➡ Importing offers for hotel: HAYASA HOTEL YEREVAN
⚠ No offers found for HAYASA HOTEL YEREVAN
➡ Importing offers for hotel: LATAR
⚠ No offers found for LATAR
➡ Importing offers for hotel: AREVE RESIDENCE BOUTIQUE
⚠ No offers found for AREVE RESIDENCE BOUTIQUE
➡ Importing offers for hotel: EREBUNI
⚠ No offers found for EREBUNI
➡ Importing offers for hotel: L IMAGE ART
⚠ No offers found for L IMAGE ART
➡ Importing offers for hotel: ROYAL PLAZA
⚠ No offers found for ROYAL PLAZA
➡ Importing offers for hotel: BIEN
⚠ No offers found for BIEN
➡ Importing offers for hotel: SILACHI
⚠ No offers found for SILACHI
➡ Importing offers for hotel: SPHERA BY STELLAR HOTELS, YEREVAN
⚠ No offers found for SPHERA BY STELLAR HOTELS, YEREVAN
➡ Importing offers for hotel: OLYMPIA
⚠ No offers found for OLYMPIA
➡ Importing offers for hotel: WELCOME CITY CENTER APARTMENTS
⚠ No offers found for WELCOME CITY CENTER APARTMENTS
➡ Importing offers for hotel: GRACE FORUM HOTEL
⚠ No offers found for GRACE FORUM HOTEL
➡ Importing offers for hotel: 4GUEST HOTEL
⚠ No offers found for 4GUEST HOTEL
➡ Importing offers for hotel: ROOMS APART HOTEL YEREVAN
⚠ No offers found for ROOMS APART HOTEL YEREVAN
➡ Importing offers for hotel: IBIS YEREVAN CENTER
⚠ No offers found for IBIS YEREVAN CENTER
➡ Importing offers for hotel: OPERA SUITE
⚠ No offers found for OPERA SUITE
➡ Importing offers for hotel: NOVA HOTEL YEREVAN
⚠ No offers found for NOVA HOTEL YEREVAN
➡ Importing offers for hotel: MANDARIN
⚠ No offers found for MANDARIN
➡ Importing offers for hotel: IMPERIAL PALACE
⚠ No offers found for IMPERIAL PALACE
➡ Importing offers for hotel: AVIATRANS
⚠ No offers found for AVIATRANS
➡ Importing offers for hotel: CROSS HEALTH CENTER
⚠ No offers found for CROSS HEALTH CENTER
➡ Importing offers for hotel: HOLIDAY INN EXPRESS YEREVAN
⚠ No offers found for HOLIDAY INN EXPRESS YEREVAN
➡ Importing offers for hotel: KANTAR
⚠ No offers found for KANTAR
➡ Importing offers for hotel: RIS DALMA COLLECTION YEREVAN
⚠ No offers found for RIS DALMA COLLECTION YEREVAN
➡ Importing offers for hotel: A HOTEL YEREVAN
⚠ No offers found for A HOTEL YEREVAN
➡ Importing offers for hotel: ARARAT
⚠ No offers found for ARARAT
➡ Importing offers for hotel: MEDIAN HOTEL CITY CENTER YEREVAN
⚠ No offers found for MEDIAN HOTEL CITY CENTER YEREVAN
➡ Importing offers for hotel: ANI PLAZA
⚠ No offers found for ANI PLAZA
➡ Importing offers for hotel: RAMADA HOTEL &amp; SUITES BY WYNDHAM YEREVAN
⚠ No offers found for RAMADA HOTEL &amp; SUITES BY WYNDHAM YEREVAN
➡ Importing offers for hotel: SWEET HOME DELUXE APART-HOTEL
⚠ No offers found for SWEET HOME DELUXE APART-HOTEL
➡ Importing offers for hotel: ROOFTOP APART HOTEL
⚠ No offers found for ROOFTOP APART HOTEL
➡ Importing offers for hotel: CENTRAL HOTEL
⚠ No offers found for CENTRAL HOTEL
➡ Importing offers for hotel: MULTI GRAND PHARAON HOTEL
⚠ No offers found for MULTI GRAND PHARAON HOTEL
➡ Importing offers for hotel: ANI GRAND HOTEL
⚠ No offers found for ANI GRAND HOTEL
➡ Importing offers for hotel: REPUBLICA
⚠ No offers found for REPUBLICA
➡ Importing offers for hotel: DIAMOND HOUSE
⚠ No offers found for DIAMOND HOUSE
➡ Importing offers for hotel: DOWNTOWN SUITES YEREVAN
⚠ No offers found for DOWNTOWN SUITES YEREVAN
➡ Importing offers for hotel: HILLS RESORT HOTEL
⚠ No offers found for HILLS RESORT HOTEL
➡ Importing offers for hotel: SWEET HOME APART-HOTEL
⚠ No offers found for SWEET HOME APART-HOTEL
➡ Importing offers for hotel: DAVE YEREVAN
⚠ No offers found for DAVE YEREVAN
➡ Importing offers for hotel: RADISSON BLU HOTEL, YEREVAN
⚠ No offers found for RADISSON BLU HOTEL, YEREVAN
➡ Importing offers for hotel: TIGRAN METS YEREVAN
⚠ No offers found for TIGRAN METS YEREVAN
➡ Importing offers for hotel: HOLIDAY INN YEREVAN - REPUBLIC SQUARE
⚠ No offers found for HOLIDAY INN YEREVAN - REPUBLIC SQUARE
➡ Importing offers for hotel: TUFENKIAN HISTORIC
⚠ No offers found for TUFENKIAN HISTORIC
➡ Importing offers for hotel: DOUBLETREE BY HILTON YEREVAN CITY CENTRE
⚠ No offers found for DOUBLETREE BY HILTON YEREVAN CITY CENTRE
➡ Importing offers for hotel: HYATT PLACE YEREVAN
⚠ No offers found for HYATT PLACE YEREVAN
➡ Importing offers for hotel: BEST WESTERN PLUS CONGRESS
⚠ No offers found for BEST WESTERN PLUS CONGRESS
➡ Importing offers for hotel: GRAND YEREVAN
⚠ No offers found for GRAND YEREVAN
➡ Importing offers for hotel: PARIS
⚠ No offers found for PARIS
➡ Importing offers for hotel: CROSS RESORT YEREVAN
⚠ No offers found for CROSS RESORT YEREVAN
➡ Importing offers for hotel: NORTH AVENUE
⚠ No offers found for NORTH AVENUE
➡ Importing offers for hotel: MESSIER 53 YEREVAN
⚠ No offers found for MESSIER 53 YEREVAN
➡ Importing offers for hotel: NATIONAL
⚠ No offers found for NATIONAL
➡ Importing offers for hotel: GOLDEN PALACE BOUTIQUE
⚠ No offers found for GOLDEN PALACE BOUTIQUE
➡ Importing offers for hotel: HILLTOP NORTH AVENUE BY STELLAR HOTELS
⚠ No offers found for HILLTOP NORTH AVENUE BY STELLAR HOTELS
➡ Importing offers for hotel: SEVEN VISIONS, THE DVIN
⚠ No offers found for SEVEN VISIONS, THE DVIN
➡ Importing offers for hotel: THE ALEXANDER A LUXURY COLLECTION YEREVAN
⚠ No offers found for THE ALEXANDER A LUXURY COLLECTION YEREVAN
🏁 Done importing all offers.
